This file contains any messages produced by compilers while
running configure, to aid debugging if configure makes a mistake.

It was created by devEMF configure 2, which was
generated by GNU Autoconf 2.69.  Invocation command line was

  $ ./configure 

## --------- ##
## Platform. ##
## --------- ##

hostname = pacha-x1
uname -m = x86_64
uname -r = 5.14.0-1036-oem
uname -s = Linux
uname -v = #40-Ubuntu SMP Mon May 9 09:15:08 UTC 2022

/usr/bin/uname -p = x86_64
/bin/uname -X     = unknown

/bin/arch              = x86_64
/usr/bin/arch -k       = unknown
/usr/convex/getsysinfo = unknown
/usr/bin/hostinfo      = unknown
/bin/machine           = unknown
/usr/bin/oslevel       = unknown
/bin/universe          = unknown

PATH: /home/pacha/bin
PATH: /usr/local/sbin
PATH: /usr/local/bin
PATH: /usr/sbin
PATH: /usr/bin
PATH: /sbin
PATH: /bin
PATH: /usr/games
PATH: /usr/local/games
PATH: /snap/bin
PATH: /usr/lib/rstudio/bin/postback


## ----------- ##
## Core tests. ##
## ----------- ##

configure:1964: checking for pkg-config
configure:1983: found /usr/bin/pkg-config
configure:1995: result: /usr/bin/pkg-config
configure:2006: checking whether pkg-config knows about xft
configure:2009: result: yes
configure:2013: XFT_CFLAGS=-I/usr/include/uuid -I/usr/include/freetype2 -I/usr/include/libpng16
configure:2015: XFT_LIBS=-lXft
configure:2027: checking whether pkg-config knows about freetype2
configure:2030: result: yes
configure:2034: FREETYPE_CFLAGS=-I/usr/include/freetype2 -I/usr/include/libpng16
configure:2036: FREETYPE_LIBS=-lfreetype
configure:2048: checking whether pkg-config knows about zlib
configure:2051: result: yes
configure:2055: ZLIB_CFLAGS=
configure:2057: ZLIB_LIBS=-lz
configure:2182: checking for C++ compiler version
configure:2191: g++ -std=gnu++14 --version >&5
g++ (Ubuntu 9.4.0-1ubuntu1~20.04.1) 9.4.0
Copyright (C) 2019 Free Software Foundation, Inc.
This is free software; see the source for copying conditions.  There is NO
warranty; not even for MERCHANTABILITY or FITNESS FOR A PARTICULAR PURPOSE.

configure:2202: $? = 0
configure:2191: g++ -std=gnu++14 -v >&5
Using built-in specs.
COLLECT_GCC=g++
COLLECT_LTO_WRAPPER=/usr/lib/gcc/x86_64-linux-gnu/9/lto-wrapper
OFFLOAD_TARGET_NAMES=nvptx-none:hsa
OFFLOAD_TARGET_DEFAULT=1
Target: x86_64-linux-gnu
Configured with: ../src/configure -v --with-pkgversion='Ubuntu 9.4.0-1ubuntu1~20.04.1' --with-bugurl=file:///usr/share/doc/gcc-9/README.Bugs --enable-languages=c,ada,c++,go,brig,d,fortran,objc,obj-c++,gm2 --prefix=/usr --with-gcc-major-version-only --program-suffix=-9 --program-prefix=x86_64-linux-gnu- --enable-shared --enable-linker-build-id --libexecdir=/usr/lib --without-included-gettext --enable-threads=posix --libdir=/usr/lib --enable-nls --enable-clocale=gnu --enable-libstdcxx-debug --enable-libstdcxx-time=yes --with-default-libstdcxx-abi=new --enable-gnu-unique-object --disable-vtable-verify --enable-plugin --enable-default-pie --with-system-zlib --with-target-system-zlib=auto --enable-objc-gc=auto --enable-multiarch --disable-werror --with-arch-32=i686 --with-abi=m64 --with-multilib-list=m32,m64,mx32 --enable-multilib --with-tune=generic --enable-offload-targets=nvptx-none=/build/gcc-9-Av3uEd/gcc-9-9.4.0/debian/tmp-nvptx/usr,hsa --without-cuda-driver --enable-checking=release --build=x86_64-linux-gnu --host=x86_64-linux-gnu --target=x86_64-linux-gnu
Thread model: posix
gcc version 9.4.0 (Ubuntu 9.4.0-1ubuntu1~20.04.1) 
configure:2202: $? = 0
configure:2191: g++ -std=gnu++14 -V >&5
g++: error: unrecognized command line option '-V'
g++: fatal error: no input files
compilation terminated.
configure:2202: $? = 1
configure:2191: g++ -std=gnu++14 -qversion >&5
g++: error: unrecognized command line option '-qversion'; did you mean '--version'?
g++: fatal error: no input files
compilation terminated.
configure:2202: $? = 1
configure:2222: checking whether the C++ compiler works
configure:2244: g++ -std=gnu++14 -g -O2 -fdebug-prefix-map=/build/r-base-apO4Ea/r-base-4.2.0=. -fstack-protector-strong -Wformat -Werror=format-security -Wdate-time -D_FORTIFY_SOURCE=2 -I/usr/include/uuid -I/usr/include/freetype2 -I/usr/include/libpng16 -I/usr/include/freetype2 -I/usr/include/libpng16   conftest.cpp -lXft -lfreetype -lz >&5
configure:2248: $? = 0
configure:2296: result: yes
configure:2299: checking for C++ compiler default output file name
configure:2301: result: a.out
configure:2307: checking for suffix of executables
configure:2314: g++ -std=gnu++14 -o conftest -g -O2 -fdebug-prefix-map=/build/r-base-apO4Ea/r-base-4.2.0=. -fstack-protector-strong -Wformat -Werror=format-security -Wdate-time -D_FORTIFY_SOURCE=2 -I/usr/include/uuid -I/usr/include/freetype2 -I/usr/include/libpng16 -I/usr/include/freetype2 -I/usr/include/libpng16   conftest.cpp -lXft -lfreetype -lz >&5
configure:2318: $? = 0
configure:2340: result: 
configure:2362: checking whether we are cross compiling
configure:2370: g++ -std=gnu++14 -o conftest -g -O2 -fdebug-prefix-map=/build/r-base-apO4Ea/r-base-4.2.0=. -fstack-protector-strong -Wformat -Werror=format-security -Wdate-time -D_FORTIFY_SOURCE=2 -I/usr/include/uuid -I/usr/include/freetype2 -I/usr/include/libpng16 -I/usr/include/freetype2 -I/usr/include/libpng16   conftest.cpp -lXft -lfreetype -lz >&5
configure:2374: $? = 0
configure:2381: ./conftest
configure:2385: $? = 0
configure:2400: result: no
configure:2405: checking for suffix of object files
configure:2427: g++ -std=gnu++14 -c -g -O2 -fdebug-prefix-map=/build/r-base-apO4Ea/r-base-4.2.0=. -fstack-protector-strong -Wformat -Werror=format-security -Wdate-time -D_FORTIFY_SOURCE=2 -I/usr/include/uuid -I/usr/include/freetype2 -I/usr/include/libpng16 -I/usr/include/freetype2 -I/usr/include/libpng16  conftest.cpp >&5
configure:2431: $? = 0
configure:2452: result: o
configure:2456: checking whether we are using the GNU C++ compiler
configure:2475: g++ -std=gnu++14 -c -g -O2 -fdebug-prefix-map=/build/r-base-apO4Ea/r-base-4.2.0=. -fstack-protector-strong -Wformat -Werror=format-security -Wdate-time -D_FORTIFY_SOURCE=2 -I/usr/include/uuid -I/usr/include/freetype2 -I/usr/include/libpng16 -I/usr/include/freetype2 -I/usr/include/libpng16  conftest.cpp >&5
configure:2475: $? = 0
configure:2484: result: yes
configure:2493: checking whether g++ -std=gnu++14 accepts -g
configure:2513: g++ -std=gnu++14 -c -g -I/usr/include/uuid -I/usr/include/freetype2 -I/usr/include/libpng16 -I/usr/include/freetype2 -I/usr/include/libpng16  conftest.cpp >&5
configure:2513: $? = 0
configure:2554: result: yes
configure:2583: checking how to run the C++ preprocessor
configure:2610: g++ -std=gnu++14 -E -I/usr/include/uuid -I/usr/include/freetype2 -I/usr/include/libpng16 -I/usr/include/freetype2 -I/usr/include/libpng16  conftest.cpp
configure:2610: $? = 0
configure:2624: g++ -std=gnu++14 -E -I/usr/include/uuid -I/usr/include/freetype2 -I/usr/include/libpng16 -I/usr/include/freetype2 -I/usr/include/libpng16  conftest.cpp
conftest.cpp:9:10: fatal error: ac_nonexistent.h: No such file or directory
    9 | #include <ac_nonexistent.h>
      |          ^~~~~~~~~~~~~~~~~~
compilation terminated.
configure:2624: $? = 1
configure: failed program was:
| /* confdefs.h */
| #define PACKAGE_NAME "devEMF"
| #define PACKAGE_TARNAME "devemf"
| #define PACKAGE_VERSION "2"
| #define PACKAGE_STRING "devEMF 2"
| #define PACKAGE_BUGREPORT ""
| #define PACKAGE_URL ""
| /* end confdefs.h.  */
| #include <ac_nonexistent.h>
configure:2649: result: g++ -std=gnu++14 -E
configure:2669: g++ -std=gnu++14 -E -I/usr/include/uuid -I/usr/include/freetype2 -I/usr/include/libpng16 -I/usr/include/freetype2 -I/usr/include/libpng16  conftest.cpp
configure:2669: $? = 0
configure:2683: g++ -std=gnu++14 -E -I/usr/include/uuid -I/usr/include/freetype2 -I/usr/include/libpng16 -I/usr/include/freetype2 -I/usr/include/libpng16  conftest.cpp
conftest.cpp:9:10: fatal error: ac_nonexistent.h: No such file or directory
    9 | #include <ac_nonexistent.h>
      |          ^~~~~~~~~~~~~~~~~~
compilation terminated.
configure:2683: $? = 1
configure: failed program was:
| /* confdefs.h */
| #define PACKAGE_NAME "devEMF"
| #define PACKAGE_TARNAME "devemf"
| #define PACKAGE_VERSION "2"
| #define PACKAGE_STRING "devEMF 2"
| #define PACKAGE_BUGREPORT ""
| #define PACKAGE_URL ""
| /* end confdefs.h.  */
| #include <ac_nonexistent.h>
configure:2712: checking for grep that handles long lines and -e
configure:2770: result: /usr/bin/grep
configure:2775: checking for egrep
configure:2837: result: /usr/bin/grep -E
configure:2842: checking for ANSI C header files
configure:2862: g++ -std=gnu++14 -c -g -O2 -fdebug-prefix-map=/build/r-base-apO4Ea/r-base-4.2.0=. -fstack-protector-strong -Wformat -Werror=format-security -Wdate-time -D_FORTIFY_SOURCE=2 -I/usr/include/uuid -I/usr/include/freetype2 -I/usr/include/libpng16 -I/usr/include/freetype2 -I/usr/include/libpng16  conftest.cpp >&5
configure:2862: $? = 0
configure:2935: g++ -std=gnu++14 -o conftest -g -O2 -fdebug-prefix-map=/build/r-base-apO4Ea/r-base-4.2.0=. -fstack-protector-strong -Wformat -Werror=format-security -Wdate-time -D_FORTIFY_SOURCE=2 -I/usr/include/uuid -I/usr/include/freetype2 -I/usr/include/libpng16 -I/usr/include/freetype2 -I/usr/include/libpng16   conftest.cpp -lXft -lfreetype -lz >&5
configure:2935: $? = 0
configure:2935: ./conftest
configure:2935: $? = 0
configure:2946: result: yes
configure:2959: checking for sys/types.h
configure:2959: g++ -std=gnu++14 -c -g -O2 -fdebug-prefix-map=/build/r-base-apO4Ea/r-base-4.2.0=. -fstack-protector-strong -Wformat -Werror=format-security -Wdate-time -D_FORTIFY_SOURCE=2 -I/usr/include/uuid -I/usr/include/freetype2 -I/usr/include/libpng16 -I/usr/include/freetype2 -I/usr/include/libpng16  conftest.cpp >&5
configure:2959: $? = 0
configure:2959: result: yes
configure:2959: checking for sys/stat.h
configure:2959: g++ -std=gnu++14 -c -g -O2 -fdebug-prefix-map=/build/r-base-apO4Ea/r-base-4.2.0=. -fstack-protector-strong -Wformat -Werror=format-security -Wdate-time -D_FORTIFY_SOURCE=2 -I/usr/include/uuid -I/usr/include/freetype2 -I/usr/include/libpng16 -I/usr/include/freetype2 -I/usr/include/libpng16  conftest.cpp >&5
configure:2959: $? = 0
configure:2959: result: yes
configure:2959: checking for stdlib.h
configure:2959: g++ -std=gnu++14 -c -g -O2 -fdebug-prefix-map=/build/r-base-apO4Ea/r-base-4.2.0=. -fstack-protector-strong -Wformat -Werror=format-security -Wdate-time -D_FORTIFY_SOURCE=2 -I/usr/include/uuid -I/usr/include/freetype2 -I/usr/include/libpng16 -I/usr/include/freetype2 -I/usr/include/libpng16  conftest.cpp >&5
configure:2959: $? = 0
configure:2959: result: yes
configure:2959: checking for string.h
configure:2959: g++ -std=gnu++14 -c -g -O2 -fdebug-prefix-map=/build/r-base-apO4Ea/r-base-4.2.0=. -fstack-protector-strong -Wformat -Werror=format-security -Wdate-time -D_FORTIFY_SOURCE=2 -I/usr/include/uuid -I/usr/include/freetype2 -I/usr/include/libpng16 -I/usr/include/freetype2 -I/usr/include/libpng16  conftest.cpp >&5
configure:2959: $? = 0
configure:2959: result: yes
configure:2959: checking for memory.h
configure:2959: g++ -std=gnu++14 -c -g -O2 -fdebug-prefix-map=/build/r-base-apO4Ea/r-base-4.2.0=. -fstack-protector-strong -Wformat -Werror=format-security -Wdate-time -D_FORTIFY_SOURCE=2 -I/usr/include/uuid -I/usr/include/freetype2 -I/usr/include/libpng16 -I/usr/include/freetype2 -I/usr/include/libpng16  conftest.cpp >&5
configure:2959: $? = 0
configure:2959: result: yes
configure:2959: checking for strings.h
configure:2959: g++ -std=gnu++14 -c -g -O2 -fdebug-prefix-map=/build/r-base-apO4Ea/r-base-4.2.0=. -fstack-protector-strong -Wformat -Werror=format-security -Wdate-time -D_FORTIFY_SOURCE=2 -I/usr/include/uuid -I/usr/include/freetype2 -I/usr/include/libpng16 -I/usr/include/freetype2 -I/usr/include/libpng16  conftest.cpp >&5
configure:2959: $? = 0
configure:2959: result: yes
configure:2959: checking for inttypes.h
configure:2959: g++ -std=gnu++14 -c -g -O2 -fdebug-prefix-map=/build/r-base-apO4Ea/r-base-4.2.0=. -fstack-protector-strong -Wformat -Werror=format-security -Wdate-time -D_FORTIFY_SOURCE=2 -I/usr/include/uuid -I/usr/include/freetype2 -I/usr/include/libpng16 -I/usr/include/freetype2 -I/usr/include/libpng16  conftest.cpp >&5
configure:2959: $? = 0
configure:2959: result: yes
configure:2959: checking for stdint.h
configure:2959: g++ -std=gnu++14 -c -g -O2 -fdebug-prefix-map=/build/r-base-apO4Ea/r-base-4.2.0=. -fstack-protector-strong -Wformat -Werror=format-security -Wdate-time -D_FORTIFY_SOURCE=2 -I/usr/include/uuid -I/usr/include/freetype2 -I/usr/include/libpng16 -I/usr/include/freetype2 -I/usr/include/libpng16  conftest.cpp >&5
configure:2959: $? = 0
configure:2959: result: yes
configure:2959: checking for unistd.h
configure:2959: g++ -std=gnu++14 -c -g -O2 -fdebug-prefix-map=/build/r-base-apO4Ea/r-base-4.2.0=. -fstack-protector-strong -Wformat -Werror=format-security -Wdate-time -D_FORTIFY_SOURCE=2 -I/usr/include/uuid -I/usr/include/freetype2 -I/usr/include/libpng16 -I/usr/include/freetype2 -I/usr/include/libpng16  conftest.cpp >&5
configure:2959: $? = 0
configure:2959: result: yes
configure:2977: checking for zlib.h
configure:2977: g++ -std=gnu++14 -c -g -O2 -fdebug-prefix-map=/build/r-base-apO4Ea/r-base-4.2.0=. -fstack-protector-strong -Wformat -Werror=format-security -Wdate-time -D_FORTIFY_SOURCE=2 -I/usr/include/uuid -I/usr/include/freetype2 -I/usr/include/libpng16 -I/usr/include/freetype2 -I/usr/include/libpng16  conftest.cpp >&5
configure:2977: $? = 0
configure:2977: result: yes
configure:2977: checking for ft2build.h
configure:2977: g++ -std=gnu++14 -c -g -O2 -fdebug-prefix-map=/build/r-base-apO4Ea/r-base-4.2.0=. -fstack-protector-strong -Wformat -Werror=format-security -Wdate-time -D_FORTIFY_SOURCE=2 -I/usr/include/uuid -I/usr/include/freetype2 -I/usr/include/libpng16 -I/usr/include/freetype2 -I/usr/include/libpng16  conftest.cpp >&5
configure:2977: $? = 0
configure:2977: result: yes
configure:2977: checking for X11/Xft/Xft.h
configure:2977: g++ -std=gnu++14 -c -g -O2 -fdebug-prefix-map=/build/r-base-apO4Ea/r-base-4.2.0=. -fstack-protector-strong -Wformat -Werror=format-security -Wdate-time -D_FORTIFY_SOURCE=2 -I/usr/include/uuid -I/usr/include/freetype2 -I/usr/include/libpng16 -I/usr/include/freetype2 -I/usr/include/libpng16  conftest.cpp >&5
configure:2977: $? = 0
configure:2977: result: yes
configure:3002: checking for library containing gzopen
configure:3033: g++ -std=gnu++14 -o conftest -g -O2 -fdebug-prefix-map=/build/r-base-apO4Ea/r-base-4.2.0=. -fstack-protector-strong -Wformat -Werror=format-security -Wdate-time -D_FORTIFY_SOURCE=2 -I/usr/include/uuid -I/usr/include/freetype2 -I/usr/include/libpng16 -I/usr/include/freetype2 -I/usr/include/libpng16   conftest.cpp -lXft -lfreetype -lz >&5
configure:3033: $? = 0
configure:3050: result: none required
configure:3060: checking for library containing XftCharExists
configure:3091: g++ -std=gnu++14 -o conftest -g -O2 -fdebug-prefix-map=/build/r-base-apO4Ea/r-base-4.2.0=. -fstack-protector-strong -Wformat -Werror=format-security -Wdate-time -D_FORTIFY_SOURCE=2 -I/usr/include/uuid -I/usr/include/freetype2 -I/usr/include/libpng16 -I/usr/include/freetype2 -I/usr/include/libpng16  -DHAVE_ZLIB  conftest.cpp -lXft -lfreetype -lz >&5
configure:3091: $? = 0
configure:3108: result: none required
configure:3118: checking for library containing FT_Get_Char_Index
configure:3149: g++ -std=gnu++14 -o conftest -g -O2 -fdebug-prefix-map=/build/r-base-apO4Ea/r-base-4.2.0=. -fstack-protector-strong -Wformat -Werror=format-security -Wdate-time -D_FORTIFY_SOURCE=2 -I/usr/include/uuid -I/usr/include/freetype2 -I/usr/include/libpng16 -I/usr/include/freetype2 -I/usr/include/libpng16  -DHAVE_ZLIB -DHAVE_FREETYPE  conftest.cpp -lXft -lfreetype -lz >&5
configure:3149: $? = 0
configure:3166: result: none required
configure:2518: creating ./config.status

## ---------------------- ##
## Running config.status. ##
## ---------------------- ##

This file was extended by devEMF config.status 2, which was
generated by GNU Autoconf 2.69.  Invocation command line was

  CONFIG_FILES    = 
  CONFIG_HEADERS  = 
  CONFIG_LINKS    = 
  CONFIG_COMMANDS = 
  $ ./config.status 

on pacha-x1

config.status:710: error: cannot find input file: `src/Makevars.in'

## ---------------- ##
## Cache variables. ##
## ---------------- ##

ac_cv_cxx_compiler_gnu=yes
ac_cv_env_CCC_set=
ac_cv_env_CCC_value=
ac_cv_env_CPPFLAGS_set=
ac_cv_env_CPPFLAGS_value=
ac_cv_env_CXXCPP_set=
ac_cv_env_CXXCPP_value=
ac_cv_env_CXXFLAGS_set=
ac_cv_env_CXXFLAGS_value=
ac_cv_env_CXX_set=
ac_cv_env_CXX_value=
ac_cv_env_LDFLAGS_set=
ac_cv_env_LDFLAGS_value=
ac_cv_env_LIBS_set=
ac_cv_env_LIBS_value=
ac_cv_env_build_alias_set=
ac_cv_env_build_alias_value=
ac_cv_env_host_alias_set=
ac_cv_env_host_alias_value=
ac_cv_env_target_alias_set=
ac_cv_env_target_alias_value=
ac_cv_header_X11_Xft_Xft_h=yes
ac_cv_header_ft2build_h=yes
ac_cv_header_inttypes_h=yes
ac_cv_header_memory_h=yes
ac_cv_header_stdc=yes
ac_cv_header_stdint_h=yes
ac_cv_header_stdlib_h=yes
ac_cv_header_string_h=yes
ac_cv_header_strings_h=yes
ac_cv_header_sys_stat_h=yes
ac_cv_header_sys_types_h=yes
ac_cv_header_unistd_h=yes
ac_cv_header_zlib_h=yes
ac_cv_objext=o
ac_cv_path_EGREP='/usr/bin/grep -E'
ac_cv_path_GREP=/usr/bin/grep
ac_cv_path_PKGCONF=/usr/bin/pkg-config
ac_cv_prog_CXXCPP='g++ -std=gnu++14 -E'
ac_cv_prog_cxx_g=yes
ac_cv_search_FT_Get_Char_Index='none required'
ac_cv_search_XftCharExists='none required'
ac_cv_search_gzopen='none required'

## ----------------- ##
## Output variables. ##
## ----------------- ##

CPPFLAGS='-I/usr/include/uuid -I/usr/include/freetype2 -I/usr/include/libpng16 -I/usr/include/freetype2 -I/usr/include/libpng16  -DHAVE_ZLIB -DHAVE_FREETYPE -DHAVE_XFT'
CXX='g++ -std=gnu++14'
CXXCPP='g++ -std=gnu++14 -E'
CXXFLAGS='-g -O2 -fdebug-prefix-map=/build/r-base-apO4Ea/r-base-4.2.0=. -fstack-protector-strong -Wformat -Werror=format-security -Wdate-time -D_FORTIFY_SOURCE=2'
DEFS='-DPACKAGE_NAME=\"devEMF\" -DPACKAGE_TARNAME=\"devemf\" -DPACKAGE_VERSION=\"2\" -DPACKAGE_STRING=\"devEMF\ 2\" -DPACKAGE_BUGREPORT=\"\" -DPACKAGE_URL=\"\" -DSTDC_HEADERS=1 -DHAVE_SYS_TYPES_H=1 -DHAVE_SYS_STAT_H=1 -DHAVE_STDLIB_H=1 -DHAVE_STRING_H=1 -DHAVE_MEMORY_H=1 -DHAVE_STRINGS_H=1 -DHAVE_INTTYPES_H=1 -DHAVE_STDINT_H=1 -DHAVE_UNISTD_H=1 -DHAVE_ZLIB_H=1 -DHAVE_FT2BUILD_H=1 -DHAVE_X11_XFT_XFT_H=1'
ECHO_C=''
ECHO_N='-n'
ECHO_T=''
EGREP='/usr/bin/grep -E'
EXEEXT=''
GREP='/usr/bin/grep'
LDFLAGS=''
LIBOBJS=''
LIBS='-lXft -lfreetype -lz'
LTLIBOBJS=''
OBJEXT='o'
PACKAGE_BUGREPORT=''
PACKAGE_NAME='devEMF'
PACKAGE_STRING='devEMF 2'
PACKAGE_TARNAME='devemf'
PACKAGE_URL=''
PACKAGE_VERSION='2'
PATH_SEPARATOR=':'
PKGCONF='/usr/bin/pkg-config'
R_HOME='/usr/lib/R'
SHELL='/bin/bash'
ac_ct_CXX=''
bindir='${exec_prefix}/bin'
build_alias=''
datadir='${datarootdir}'
datarootdir='${prefix}/share'
docdir='${datarootdir}/doc/${PACKAGE_TARNAME}'
dvidir='${docdir}'
exec_prefix='${prefix}'
host_alias=''
htmldir='${docdir}'
includedir='${prefix}/include'
infodir='${datarootdir}/info'
libdir='${exec_prefix}/lib'
libexecdir='${exec_prefix}/libexec'
localedir='${datarootdir}/locale'
localstatedir='${prefix}/var'
mandir='${datarootdir}/man'
oldincludedir='/usr/include'
pdfdir='${docdir}'
prefix='/usr/local'
program_transform_name='s,x,x,'
psdir='${docdir}'
runstatedir='${localstatedir}/run'
sbindir='${exec_prefix}/sbin'
sharedstatedir='${prefix}/com'
sysconfdir='${prefix}/etc'
target_alias=''

## ----------- ##
## confdefs.h. ##
## ----------- ##

/* confdefs.h */
#define PACKAGE_NAME "devEMF"
#define PACKAGE_TARNAME "devemf"
#define PACKAGE_VERSION "2"
#define PACKAGE_STRING "devEMF 2"
#define PACKAGE_BUGREPORT ""
#define PACKAGE_URL ""
#define STDC_HEADERS 1
#define HAVE_SYS_TYPES_H 1
#define HAVE_SYS_STAT_H 1
#define HAVE_STDLIB_H 1
#define HAVE_STRING_H 1
#define HAVE_MEMORY_H 1
#define HAVE_STRINGS_H 1
#define HAVE_INTTYPES_H 1
#define HAVE_STDINT_H 1
#define HAVE_UNISTD_H 1
#define HAVE_ZLIB_H 1
#define HAVE_FT2BUILD_H 1
#define HAVE_X11_XFT_XFT_H 1

configure: exit 1
